[0905/093526.292:ERROR:process_info.cc(632)] range at 0x53ee5a6c00000000, size 0x183 fully unreadable
[0905/093526.292:ERROR:process_info.cc(632)] range at 0x53ee5ace00000000, size 0x183 fully unreadable
[0905/093526.292:ERROR:process_info.cc(632)] range at 0x0, size 0x183 fully unreadable
[0905/094142.739:ERROR:process_info.cc(632)] range at 0x687b5a6c00000000, size 0x26b fully unreadable
[0905/094142.739:ERROR:process_info.cc(632)] range at 0x687b5ace00000000, size 0x26b fully unreadable
[0905/094142.739:ERROR:process_info.cc(632)] range at 0x0, size 0x26b fully unreadable
[0905/100218.718:ERROR:process_info.cc(632)] range at 0x6a925a6c00000000, size 0x1fb fully unreadable
[0905/100218.718:ERROR:process_info.cc(632)] range at 0x6a925ace00000000, size 0x1fb fully unreadable
[0905/100218.721:ERROR:process_info.cc(632)] range at 0x0, size 0x1fb fully unreadable
[0905/100357.900:ERROR:process_info.cc(632)] range at 0x4bf85a6c00000000, size 0x1b1 fully unreadable
[0905/100357.900:ERROR:process_info.cc(632)] range at 0x4bf85ace00000000, size 0x1b1 fully unreadable
[0905/100357.900:ERROR:process_info.cc(632)] range at 0x0, size 0x1b1 fully unreadable
[0905/100537.387:ERROR:process_info.cc(632)] range at 0x64e5a6c00000000, size 0x1d7 fully unreadable
[0905/100537.387:ERROR:process_info.cc(632)] range at 0x64e5ace00000000, size 0x1d7 fully unreadable
[0905/100537.387:ERROR:process_info.cc(632)] range at 0x0, size 0x1d7 fully unreadable
[0905/100654.749:ERROR:process_info.cc(632)] range at 0x3285a6c00000000, size 0x243 fully unreadable
[0905/100654.749:ERROR:process_info.cc(632)] range at 0x3285ace00000000, size 0x243 fully unreadable
[0905/100654.749:ERROR:process_info.cc(632)] range at 0x0, size 0x243 fully unreadable
[0905/100654.803:ERROR:process_info.cc(350)] VirtualQueryEx: Access is denied. (0x5)
[0905/100654.803:ERROR:process_info.cc(571)] ReadMemoryInfo failed
[0905/100654.806:ERROR:process_reader_win.cc(151)] SuspendThread: Access is denied. (0x5)
[0905/100654.807:ERROR:exception_snapshot_win.cc(87)] thread ID 8828 not found in process
[0905/100654.807:WARNING:crash_report_exception_handler.cc(62)] ProcessSnapshotWin::Initialize failed
[0905/100654.807:ERROR:scoped_process_suspend.cc(39)] NtResumeProcess: An attempt was made to access an exiting process.  (0xc000010a)
[0905/100800.416:ERROR:process_info.cc(632)] range at 0x662a5a6c00000000, size 0x253 fully unreadable
[0905/100800.416:ERROR:process_info.cc(632)] range at 0x662a5ace00000000, size 0x253 fully unreadable
[0905/100800.416:ERROR:process_info.cc(632)] range at 0x0, size 0x253 fully unreadable
[0905/101003.334:ERROR:process_info.cc(632)] range at 0xfd315a6c00000000, size 0x2db fully unreadable
[0905/101003.334:ERROR:process_info.cc(632)] range at 0xfd315ace00000000, size 0x2db fully unreadable
[0905/101003.334:ERROR:process_info.cc(632)] range at 0x0, size 0x2db fully unreadable
[0905/101224.650:ERROR:process_info.cc(632)] range at 0x274f5a6c00000000, size 0x1f7 fully unreadable
[0905/101224.650:ERROR:process_info.cc(632)] range at 0x274f5ace00000000, size 0x1f7 fully unreadable
[0905/101224.650:ERROR:process_info.cc(632)] range at 0x0, size 0x1f7 fully unreadable
[0905/101349.024:ERROR:process_info.cc(632)] range at 0x70265a6c00000000, size 0x11a fully unreadable
[0905/101349.024:ERROR:process_info.cc(632)] range at 0x70265ace00000000, size 0x11a fully unreadable
[0905/101349.024:ERROR:process_info.cc(632)] range at 0x0, size 0x11a fully unreadable
[0905/101530.968:ERROR:process_info.cc(632)] range at 0x50905a6c00000000, size 0x245 fully unreadable
[0905/101530.968:ERROR:process_info.cc(632)] range at 0x50905ace00000000, size 0x245 fully unreadable
[0905/101530.968:ERROR:process_info.cc(632)] range at 0x0, size 0x245 fully unreadable
[0905/101835.704:ERROR:process_info.cc(632)] range at 0xa6bd5a6c00000000, size 0x142 fully unreadable
[0905/101835.704:ERROR:process_info.cc(632)] range at 0xa6bd5ace00000000, size 0x142 fully unreadable
[0905/101835.704:ERROR:process_info.cc(632)] range at 0x0, size 0x142 fully unreadable
[0905/101919.757:ERROR:process_info.cc(632)] range at 0xb58a5a6c00000000, size 0x230 fully unreadable
[0905/101919.758:ERROR:process_info.cc(632)] range at 0xb58a5ace00000000, size 0x230 fully unreadable
[0905/101919.758:ERROR:process_info.cc(632)] range at 0x0, size 0x230 fully unreadable
[0905/102141.615:ERROR:process_info.cc(632)] range at 0xdcd75a6c00000000, size 0x1a9 fully unreadable
[0905/102141.615:ERROR:process_info.cc(632)] range at 0xdcd75ace00000000, size 0x1a9 fully unreadable
[0905/102141.615:ERROR:process_info.cc(632)] range at 0x0, size 0x1a9 fully unreadable
[0905/102318.542:ERROR:process_info.cc(632)] range at 0xa2415a6c00000000, size 0x14a fully unreadable
[0905/102318.542:ERROR:process_info.cc(632)] range at 0xa2415ace00000000, size 0x14a fully unreadable
[0905/102318.542:ERROR:process_info.cc(632)] range at 0x0, size 0x14a fully unreadable
[0905/102403.429:ERROR:process_info.cc(632)] range at 0xd50e5a6c00000000, size 0x1e4 fully unreadable
[0905/102403.429:ERROR:process_info.cc(632)] range at 0xd50e5ace00000000, size 0x1e4 fully unreadable
[0905/102403.429:ERROR:process_info.cc(632)] range at 0x0, size 0x1e4 fully unreadable
[0905/102457.721:ERROR:process_info.cc(632)] range at 0xdb265a6c00000000, size 0x27b fully unreadable
[0905/102457.721:ERROR:process_info.cc(632)] range at 0xdb265ace00000000, size 0x27b fully unreadable
[0905/102457.721:ERROR:process_info.cc(632)] range at 0x0, size 0x27b fully unreadable
[0905/102628.999:ERROR:process_info.cc(632)] range at 0xba8a5a6c00000000, size 0x14a fully unreadable
[0905/102628.999:ERROR:process_info.cc(632)] range at 0xba8a5ace00000000, size 0x14a fully unreadable
[0905/102628.999:ERROR:process_info.cc(632)] range at 0x0, size 0x14a fully unreadable
